c:\users\86153\desktop\sdu_restaurant_master\project\sdu_reataurant_master\debug\vc142.pdb
c:\users\86153\desktop\sdu_restaurant_master\project\sdu_reataurant_master\debug\vc142.idb
c:\users\86153\desktop\sdu_restaurant_master\project\sdu_reataurant_master\debug\main.obj
c:\users\86153\desktop\sdu_restaurant_master\project\sdu_reataurant_master\debug\waiter.obj
c:\users\86153\desktop\sdu_restaurant_master\project\sdu_reataurant_master\debug\table.obj
c:\users\86153\desktop\sdu_restaurant_master\project\sdu_reataurant_master\debug\staff.obj
c:\users\86153\desktop\sdu_restaurant_master\project\sdu_reataurant_master\debug\order.obj
c:\users\86153\desktop\sdu_restaurant_master\project\sdu_reataurant_master\debug\menu.obj
c:\users\86153\desktop\sdu_restaurant_master\project\sdu_reataurant_master\debug\manage.obj
c:\users\86153\desktop\sdu_restaurant_master\project\sdu_reataurant_master\debug\log_in.obj
c:\users\86153\desktop\sdu_restaurant_master\project\sdu_reataurant_master\debug\list.obj
c:\users\86153\desktop\sdu_restaurant_master\project\sdu_reataurant_master\debug\input_control.obj
c:\users\86153\desktop\sdu_restaurant_master\project\sdu_reataurant_master\debug\file.obj
c:\users\86153\desktop\sdu_restaurant_master\project\sdu_reataurant_master\debug\admin.obj
c:\users\86153\desktop\sdu_restaurant_master\project\sdu_reataurant_master\debug\sdu_reataurant_master.pdb
c:\users\86153\desktop\sdu_restaurant_master\project\sdu_reataurant_master\debug\sdu_reat.93014203.tlog\cl.command.1.tlog
c:\users\86153\desktop\sdu_restaurant_master\project\sdu_reataurant_master\debug\sdu_reat.93014203.tlog\cl.read.1.tlog
c:\users\86153\desktop\sdu_restaurant_master\project\sdu_reataurant_master\debug\sdu_reat.93014203.tlog\cl.write.1.tlog
c:\users\86153\desktop\sdu_restaurant_master\project\sdu_reataurant_master\debug\sdu_reat.93014203.tlog\link-cvtres.read.1.tlog
c:\users\86153\desktop\sdu_restaurant_master\project\sdu_reataurant_master\debug\sdu_reat.93014203.tlog\link-cvtres.write.1.tlog
c:\users\86153\desktop\sdu_restaurant_master\project\sdu_reataurant_master\debug\sdu_reat.93014203.tlog\link-rc.read.1.tlog
c:\users\86153\desktop\sdu_restaurant_master\project\sdu_reataurant_master\debug\sdu_reat.93014203.tlog\link-rc.write.1.tlog
c:\users\86153\desktop\sdu_restaurant_master\project\sdu_reataurant_master\debug\sdu_reat.93014203.tlog\link.command.1.tlog
c:\users\86153\desktop\sdu_restaurant_master\project\sdu_reataurant_master\debug\sdu_reat.93014203.tlog\link.read.1.tlog
c:\users\86153\desktop\sdu_restaurant_master\project\sdu_reataurant_master\debug\sdu_reat.93014203.tlog\link.write.1.tlog
